Analysis & Synthesis report for Projeto2Malandro
Thu Sep 23 15:16:06 2021
Quartus Prime Version 20.1.1 Build 720 11/11/2020 SJ Lite Edition


---------------------
; Table of Contents ;
---------------------
  1. Legal Notice
  2. Analysis & Synthesis Summary
  3. Analysis & Synthesis Settings
  4. Parallel Compilation
  5. Analysis & Synthesis Source Files Read
  6. Analysis & Synthesis Resource Usage Summary
  7. Analysis & Synthesis Resource Utilization by Entity
  8. General Register Statistics
  9. Inverted Register Statistics
 10. Multiplexer Restructuring Statistics (Restructuring Performed)
 11. Port Connectivity Checks: "switches:sws"
 12. Port Connectivity Checks: "display:disps|disp7seg:disp3"
 13. Port Connectivity Checks: "display:disps|disp7seg:disp2"
 14. Port Connectivity Checks: "display:disps|disp7seg:disp1"
 15. Port Connectivity Checks: "display:disps|disp7seg:disp0"
 16. Port Connectivity Checks: "display:disps"
 17. Post-Synthesis Netlist Statistics for Top Partition
 18. Elapsed Time Per Partition
 19. Analysis & Synthesis Messages



----------------
; Legal Notice ;
----------------
Copyright (C) 2020  Intel Corporation. All rights reserved.
Your use of Intel Corporation's design tools, logic functions 
and other software and tools, and any partner logic 
functions, and any output files from any of the foregoing 
(including device programming or simulation files), and any 
associated documentation or information are expressly subject 
to the terms and conditions of the Intel Program License 
Subscription Agreement, the Intel Quartus Prime License Agreement,
the Intel FPGA IP License Agreement, or other applicable license
agreement, including, without limitation, that your use is for
the sole purpose of programming logic devices manufactured by
Intel and sold by Intel or its authorized distributors.  Please
refer to the applicable agreement for further details, at
https://fpgasoftware.intel.com/eula.



+----------------------------------------------------------------------------------+
; Analysis & Synthesis Summary                                                     ;
+------------------------------------+---------------------------------------------+
; Analysis & Synthesis Status        ; Successful - Thu Sep 23 15:16:06 2021       ;
; Quartus Prime Version              ; 20.1.1 Build 720 11/11/2020 SJ Lite Edition ;
; Revision Name                      ; Projeto2Malandro                            ;
; Top-level Entity Name              ; main                                        ;
; Family                             ; Cyclone IV E                                ;
; Total logic elements               ; 54                                          ;
;     Total combinational functions  ; 44                                          ;
;     Dedicated logic registers      ; 16                                          ;
; Total registers                    ; 16                                          ;
; Total pins                         ; 51                                          ;
; Total virtual pins                 ; 0                                           ;
; Total memory bits                  ; 0                                           ;
; Embedded Multiplier 9-bit elements ; 0                                           ;
; Total PLLs                         ; 0                                           ;
+------------------------------------+---------------------------------------------+


+------------------------------------------------------------------------------------------------------------+
; Analysis & Synthesis Settings                                                                              ;
+------------------------------------------------------------------+--------------------+--------------------+
; Option                                                           ; Setting            ; Default Value      ;
+------------------------------------------------------------------+--------------------+--------------------+
; Top-level entity name                                            ; main               ; Projeto2Malandro   ;
; Family name                                                      ; Cyclone IV E       ; Cyclone V          ;
; Use smart compilation                                            ; Off                ; Off                ;
; Enable parallel Assembler and Timing Analyzer during compilation ; On                 ; On                 ;
; Enable compact report table                                      ; Off                ; Off                ;
; Restructure Multiplexers                                         ; Auto               ; Auto               ;
; Create Debugging Nodes for IP Cores                              ; Off                ; Off                ;
; Preserve fewer node names                                        ; On                 ; On                 ;
; Intel FPGA IP Evaluation Mode                                    ; Enable             ; Enable             ;
; Verilog Version                                                  ; Verilog_2001       ; Verilog_2001       ;
; VHDL Version                                                     ; VHDL_1993          ; VHDL_1993          ;
; State Machine Processing                                         ; Auto               ; Auto               ;
; Safe State Machine                                               ; Off                ; Off                ;
; Extract Verilog State Machines                                   ; On                 ; On                 ;
; Extract VHDL State Machines                                      ; On                 ; On                 ;
; Ignore Verilog initial constructs                                ; Off                ; Off                ;
; Iteration limit for constant Verilog loops                       ; 5000               ; 5000               ;
; Iteration limit for non-constant Verilog loops                   ; 250                ; 250                ;
; Add Pass-Through Logic to Inferred RAMs                          ; On                 ; On                 ;
; Infer RAMs from Raw Logic                                        ; On                 ; On                 ;
; Parallel Synthesis                                               ; On                 ; On                 ;
; DSP Block Balancing                                              ; Auto               ; Auto               ;
; NOT Gate Push-Back                                               ; On                 ; On                 ;
; Power-Up Don't Care                                              ; On                 ; On                 ;
; Remove Redundant Logic Cells                                     ; Off                ; Off                ;
; Remove Duplicate Registers                                       ; On                 ; On                 ;
; Ignore CARRY Buffers                                             ; Off                ; Off                ;
; Ignore CASCADE Buffers                                           ; Off                ; Off                ;
; Ignore GLOBAL Buffers                                            ; Off                ; Off                ;
; Ignore ROW GLOBAL Buffers                                        ; Off                ; Off                ;
; Ignore LCELL Buffers                                             ; Off                ; Off                ;
; Ignore SOFT Buffers                                              ; On                 ; On                 ;
; Limit AHDL Integers to 32 Bits                                   ; Off                ; Off                ;
; Optimization Technique                                           ; Balanced           ; Balanced           ;
; Carry Chain Length                                               ; 70                 ; 70                 ;
; Auto Carry Chains                                                ; On                 ; On                 ;
; Auto Open-Drain Pins                                             ; On                 ; On                 ;
; Perform WYSIWYG Primitive Resynthesis                            ; Off                ; Off                ;
; Auto ROM Replacement                                             ; On                 ; On                 ;
; Auto RAM Replacement                                             ; On                 ; On                 ;
; Auto DSP Block Replacement                                       ; On                 ; On                 ;
; Auto Shift Register Replacement                                  ; Auto               ; Auto               ;
; Allow Shift Register Merging across Hierarchies                  ; Auto               ; Auto               ;
; Auto Clock Enable Replacement                                    ; On                 ; On                 ;
; Strict RAM Replacement                                           ; Off                ; Off                ;
; Allow Synchronous Control Signals                                ; On                 ; On                 ;
; Force Use of Synchronous Clear Signals                           ; Off                ; Off                ;
; Auto RAM Block Balancing                                         ; On                 ; On                 ;
; Auto RAM to Logic Cell Conversion                                ; Off                ; Off                ;
; Auto Resource Sharing                                            ; Off                ; Off                ;
; Allow Any RAM Size For Recognition                               ; Off                ; Off                ;
; Allow Any ROM Size For Recognition                               ; Off                ; Off                ;
; Allow Any Shift Register Size For Recognition                    ; Off                ; Off                ;
; Use LogicLock Constraints during Resource Balancing              ; On                 ; On                 ;
; Ignore translate_off and synthesis_off directives                ; Off                ; Off                ;
; Timing-Driven Synthesis                                          ; On                 ; On                 ;
; Report Parameter Settings                                        ; On                 ; On                 ;
; Report Source Assignments                                        ; On                 ; On                 ;
; Report Connectivity Checks                                       ; On                 ; On                 ;
; Ignore Maximum Fan-Out Assignments                               ; Off                ; Off                ;
; Synchronization Register Chain Length                            ; 2                  ; 2                  ;
; Power Optimization During Synthesis                              ; Normal compilation ; Normal compilation ;
; HDL message level                                                ; Level2             ; Level2             ;
; Suppress Register Optimization Related Messages                  ; Off                ; Off                ;
; Number of Removed Registers Reported in Synthesis Report         ; 5000               ; 5000               ;
; Number of Swept Nodes Reported in Synthesis Report               ; 5000               ; 5000               ;
; Number of Inverted Registers Reported in Synthesis Report        ; 100                ; 100                ;
; Clock MUX Protection                                             ; On                 ; On                 ;
; Auto Gated Clock Conversion                                      ; Off                ; Off                ;
; Block Design Naming                                              ; Auto               ; Auto               ;
; SDC constraint protection                                        ; Off                ; Off                ;
; Synthesis Effort                                                 ; Auto               ; Auto               ;
; Shift Register Replacement - Allow Asynchronous Clear Signal     ; On                 ; On                 ;
; Pre-Mapping Resynthesis Optimization                             ; Off                ; Off                ;
; Analysis & Synthesis Message Level                               ; Medium             ; Medium             ;
; Disable Register Merging Across Hierarchies                      ; Auto               ; Auto               ;
; Resource Aware Inference For Block RAM                           ; On                 ; On                 ;
+------------------------------------------------------------------+--------------------+--------------------+


+------------------------------------------+
; Parallel Compilation                     ;
+----------------------------+-------------+
; Processors                 ; Number      ;
+----------------------------+-------------+
; Number detected on machine ; 4           ;
; Maximum allowed            ; 4           ;
;                            ;             ;
; Average used               ; 1.00        ;
; Maximum used               ; 4           ;
;                            ;             ;
; Usage by Processor         ; % Time Used ;
;     Processor 1            ; 100.0%      ;
;     Processors 2-4         ;   0.0%      ;
+----------------------------+-------------+


+---------------------------------------------------------------------------------------------------------------------------------------------------------------------+
; Analysis & Synthesis Source Files Read                                                                                                                              ;
+----------------------------------+-----------------+-----------------+------------------------------------------------------------------------------------+---------+
; File Name with User-Entered Path ; Used in Netlist ; File Type       ; File Name with Absolute Path                                                       ; Library ;
+----------------------------------+-----------------+-----------------+------------------------------------------------------------------------------------+---------+
; disp7seg.vhd                     ; yes             ; User VHDL File  ; C:/Users/lucas/OneDrive/Documentos/GitHub/SD/Projeto 2_Malandro/disp7seg.vhd       ;         ;
; display.vhd                      ; yes             ; User VHDL File  ; C:/Users/lucas/OneDrive/Documentos/GitHub/SD/Projeto 2_Malandro/display.vhd        ;         ;
; display_result.vhd               ; yes             ; User VHDL File  ; C:/Users/lucas/OneDrive/Documentos/GitHub/SD/Projeto 2_Malandro/display_result.vhd ;         ;
; lives.vhd                        ; yes             ; User VHDL File  ; C:/Users/lucas/OneDrive/Documentos/GitHub/SD/Projeto 2_Malandro/lives.vhd          ;         ;
; switches.vhd                     ; yes             ; User VHDL File  ; C:/Users/lucas/OneDrive/Documentos/GitHub/SD/Projeto 2_Malandro/switches.vhd       ;         ;
; main.vhd                         ; yes             ; User VHDL File  ; C:/Users/lucas/OneDrive/Documentos/GitHub/SD/Projeto 2_Malandro/main.vhd           ;         ;
+----------------------------------+-----------------+-----------------+------------------------------------------------------------------------------------+---------+


+--------------------------------------------------------------+
; Analysis & Synthesis Resource Usage Summary                  ;
+---------------------------------------------+----------------+
; Resource                                    ; Usage          ;
+---------------------------------------------+----------------+
; Estimated Total logic elements              ; 54             ;
;                                             ;                ;
; Total combinational functions               ; 44             ;
; Logic element usage by number of LUT inputs ;                ;
;     -- 4 input functions                    ; 28             ;
;     -- 3 input functions                    ; 12             ;
;     -- <=2 input functions                  ; 4              ;
;                                             ;                ;
; Logic elements by mode                      ;                ;
;     -- normal mode                          ; 44             ;
;     -- arithmetic mode                      ; 0              ;
;                                             ;                ;
; Total registers                             ; 16             ;
;     -- Dedicated logic registers            ; 16             ;
;     -- I/O registers                        ; 0              ;
;                                             ;                ;
; I/O pins                                    ; 51             ;
;                                             ;                ;
; Embedded Multiplier 9-bit elements          ; 0              ;
;                                             ;                ;
; Maximum fan-out node                        ; CLOCK_50~input ;
; Maximum fan-out                             ; 16             ;
; Total fan-out                               ; 279            ;
; Average fan-out                             ; 1.72           ;
+---------------------------------------------+----------------+


+---------------------------------------------------------------------------------------------------------------------------------------------------------------------------------------------------------------------------------+
; Analysis & Synthesis Resource Utilization by Entity                                                                                                                                                                             ;
+---------------------------------+---------------------+---------------------------+-------------+--------------+---------+-----------+------+--------------+------------------------------------+----------------+--------------+
; Compilation Hierarchy Node      ; Combinational ALUTs ; Dedicated Logic Registers ; Memory Bits ; DSP Elements ; DSP 9x9 ; DSP 18x18 ; Pins ; Virtual Pins ; Full Hierarchy Name                ; Entity Name    ; Library Name ;
+---------------------------------+---------------------+---------------------------+-------------+--------------+---------+-----------+------+--------------+------------------------------------+----------------+--------------+
; |main                           ; 44 (0)              ; 16 (0)                    ; 0           ; 0            ; 0       ; 0         ; 51   ; 0            ; |main                              ; main           ; work         ;
;    |display:disps|              ; 2 (0)               ; 0 (0)                     ; 0           ; 0            ; 0       ; 0         ; 0    ; 0            ; |main|display:disps                ; display        ; work         ;
;       |disp7seg:disp1|          ; 1 (1)               ; 0 (0)                     ; 0           ; 0            ; 0       ; 0         ; 0    ; 0            ; |main|display:disps|disp7seg:disp1 ; disp7seg       ; work         ;
;       |disp7seg:disp3|          ; 1 (1)               ; 0 (0)                     ; 0           ; 0            ; 0       ; 0         ; 0    ; 0            ; |main|display:disps|disp7seg:disp3 ; disp7seg       ; work         ;
;    |display_result:disp_result| ; 4 (4)               ; 0 (0)                     ; 0           ; 0            ; 0       ; 0         ; 0    ; 0            ; |main|display_result:disp_result   ; display_result ; work         ;
;    |lives:lvs|                  ; 2 (2)               ; 0 (0)                     ; 0           ; 0            ; 0       ; 0         ; 0    ; 0            ; |main|lives:lvs                    ; lives          ; work         ;
;    |switches:sws|               ; 36 (36)             ; 16 (16)                   ; 0           ; 0            ; 0       ; 0         ; 0    ; 0            ; |main|switches:sws                 ; switches       ; work         ;
+---------------------------------+---------------------+---------------------------+-------------+--------------+---------+-----------+------+--------------+------------------------------------+----------------+--------------+
Note: For table entries with two numbers listed, the numbers in parentheses indicate the number of resources of the given type used by the specific entity alone. The numbers listed outside of parentheses indicate the total resources of the given type used by the specific entity and all of its sub-entities in the hierarchy.


+------------------------------------------------------+
; General Register Statistics                          ;
+----------------------------------------------+-------+
; Statistic                                    ; Value ;
+----------------------------------------------+-------+
; Total registers                              ; 16    ;
; Number of registers using Synchronous Clear  ; 0     ;
; Number of registers using Synchronous Load   ; 0     ;
; Number of registers using Asynchronous Clear ; 0     ;
; Number of registers using Asynchronous Load  ; 0     ;
; Number of registers using Clock Enable       ; 10    ;
; Number of registers using Preset             ; 0     ;
+----------------------------------------------+-------+


+--------------------------------------------------+
; Inverted Register Statistics                     ;
+----------------------------------------+---------+
; Inverted Register                      ; Fan out ;
+----------------------------------------+---------+
; switches:sws|output_rl[0]              ; 7       ;
; switches:sws|output_rl[2]              ; 8       ;
; Total number of inverted registers = 2 ;         ;
+----------------------------------------+---------+


+-----------------------------------------------------------------------------------------------------------------------------------------------+
; Multiplexer Restructuring Statistics (Restructuring Performed)                                                                                ;
+--------------------+-----------+---------------+----------------------+------------------------+------------+---------------------------------+
; Multiplexer Inputs ; Bus Width ; Baseline Area ; Area if Restructured ; Saving if Restructured ; Registered ; Example Multiplexer Output      ;
+--------------------+-----------+---------------+----------------------+------------------------+------------+---------------------------------+
; 5:1                ; 3 bits    ; 9 LEs         ; 0 LEs                ; 9 LEs                  ; Yes        ; |main|switches:sws|output_cs[2] ;
; 5:1                ; 2 bits    ; 6 LEs         ; 0 LEs                ; 6 LEs                  ; Yes        ; |main|switches:sws|output_rl[0] ;
+--------------------+-----------+---------------+----------------------+------------------------+------------+---------------------------------+


+--------------------------------------------------------+
; Port Connectivity Checks: "switches:sws"               ;
+----------------------+-------+----------+--------------+
; Port                 ; Type  ; Severity ; Details      ;
+----------------------+-------+----------+--------------+
; current_number[3..2] ; Input ; Info     ; Stuck at GND ;
+----------------------+-------+----------+--------------+


+----------------------------------------------------------+
; Port Connectivity Checks: "display:disps|disp7seg:disp3" ;
+-----------+-------+----------+---------------------------+
; Port      ; Type  ; Severity ; Details                   ;
+-----------+-------+----------+---------------------------+
; disp_step ; Input ; Info     ; Stuck at GND              ;
+-----------+-------+----------+---------------------------+


+----------------------------------------------------------+
; Port Connectivity Checks: "display:disps|disp7seg:disp2" ;
+--------------+-------+----------+------------------------+
; Port         ; Type  ; Severity ; Details                ;
+--------------+-------+----------+------------------------+
; disp_step[1] ; Input ; Info     ; Stuck at GND           ;
; disp_step[0] ; Input ; Info     ; Stuck at VCC           ;
+--------------+-------+----------+------------------------+


+----------------------------------------------------------+
; Port Connectivity Checks: "display:disps|disp7seg:disp1" ;
+--------------+-------+----------+------------------------+
; Port         ; Type  ; Severity ; Details                ;
+--------------+-------+----------+------------------------+
; disp_step[1] ; Input ; Info     ; Stuck at VCC           ;
; disp_step[0] ; Input ; Info     ; Stuck at GND           ;
+--------------+-------+----------+------------------------+


+----------------------------------------------------------+
; Port Connectivity Checks: "display:disps|disp7seg:disp0" ;
+-----------+-------+----------+---------------------------+
; Port      ; Type  ; Severity ; Details                   ;
+-----------+-------+----------+---------------------------+
; disp_step ; Input ; Info     ; Stuck at VCC              ;
+-----------+-------+----------+---------------------------+


+----------------------------------------------------------+
; Port Connectivity Checks: "display:disps"                ;
+------------------------+-------+----------+--------------+
; Port                   ; Type  ; Severity ; Details      ;
+------------------------+-------+----------+--------------+
; secret_password[6..3]  ; Input ; Info     ; Stuck at VCC ;
; secret_password[1..0]  ; Input ; Info     ; Stuck at VCC ;
; secret_password[13..7] ; Input ; Info     ; Stuck at GND ;
; secret_password[2]     ; Input ; Info     ; Stuck at GND ;
+------------------------+-------+----------+--------------+


+-----------------------------------------------------+
; Post-Synthesis Netlist Statistics for Top Partition ;
+-----------------------+-----------------------------+
; Type                  ; Count                       ;
+-----------------------+-----------------------------+
; boundary_port         ; 51                          ;
; cycloneiii_ff         ; 16                          ;
;     ENA               ; 10                          ;
;     plain             ; 6                           ;
; cycloneiii_lcell_comb ; 51                          ;
;     normal            ; 51                          ;
;         0 data inputs ; 2                           ;
;         1 data inputs ; 5                           ;
;         2 data inputs ; 4                           ;
;         3 data inputs ; 12                          ;
;         4 data inputs ; 28                          ;
;                       ;                             ;
; Max LUT depth         ; 7.00                        ;
; Average LUT depth     ; 4.79                        ;
+-----------------------+-----------------------------+


+-------------------------------+
; Elapsed Time Per Partition    ;
+----------------+--------------+
; Partition Name ; Elapsed Time ;
+----------------+--------------+
; Top            ; 00:00:00     ;
+----------------+--------------+


+-------------------------------+
; Analysis & Synthesis Messages ;
+-------------------------------+
Info: *******************************************************************
Info: Running Quartus Prime Analysis & Synthesis
    Info: Version 20.1.1 Build 720 11/11/2020 SJ Lite Edition
    Info: Processing started: Thu Sep 23 15:15:56 2021
Info: Command: quartus_map --read_settings_files=on --write_settings_files=off Projeto2Malandro -c Projeto2Malandro
Warning (18236): Number of processors has not been specified which may cause overloading on shared machines.  Set the global assignment NUM_PARALLEL_PROCESSORS in your QSF to an appropriate value for best performance.
Info (20030): Parallel compilation is enabled and will use 4 of the 4 processors detected
Info (12021): Found 2 design units, including 1 entities, in source file disp7seg.vhd
    Info (12022): Found design unit 1: disp7seg-hardware File: C:/Users/lucas/OneDrive/Documentos/GitHub/SD/Projeto 2_Malandro/disp7seg.vhd Line: 14
    Info (12023): Found entity 1: disp7seg File: C:/Users/lucas/OneDrive/Documentos/GitHub/SD/Projeto 2_Malandro/disp7seg.vhd Line: 6
Info (12021): Found 2 design units, including 1 entities, in source file display.vhd
    Info (12022): Found design unit 1: display-arch_dec File: C:/Users/lucas/OneDrive/Documentos/GitHub/SD/Projeto 2_Malandro/display.vhd Line: 14
    Info (12023): Found entity 1: display File: C:/Users/lucas/OneDrive/Documentos/GitHub/SD/Projeto 2_Malandro/display.vhd Line: 6
Info (12021): Found 2 design units, including 1 entities, in source file display_result.vhd
    Info (12022): Found design unit 1: display_result-arch_dec File: C:/Users/lucas/OneDrive/Documentos/GitHub/SD/Projeto 2_Malandro/display_result.vhd Line: 13
    Info (12023): Found entity 1: display_result File: C:/Users/lucas/OneDrive/Documentos/GitHub/SD/Projeto 2_Malandro/display_result.vhd Line: 6
Info (12021): Found 2 design units, including 1 entities, in source file lives.vhd
    Info (12022): Found design unit 1: lives-hardware File: C:/Users/lucas/OneDrive/Documentos/GitHub/SD/Projeto 2_Malandro/lives.vhd Line: 12
    Info (12023): Found entity 1: lives File: C:/Users/lucas/OneDrive/Documentos/GitHub/SD/Projeto 2_Malandro/lives.vhd Line: 6
Info (12021): Found 2 design units, including 1 entities, in source file switches.vhd
    Info (12022): Found design unit 1: switches-hardware File: C:/Users/lucas/OneDrive/Documentos/GitHub/SD/Projeto 2_Malandro/switches.vhd Line: 17
    Info (12023): Found entity 1: switches File: C:/Users/lucas/OneDrive/Documentos/GitHub/SD/Projeto 2_Malandro/switches.vhd Line: 6
Info (12021): Found 2 design units, including 1 entities, in source file main.vhd
    Info (12022): Found design unit 1: main-hardware File: C:/Users/lucas/OneDrive/Documentos/GitHub/SD/Projeto 2_Malandro/main.vhd Line: 15
    Info (12023): Found entity 1: main File: C:/Users/lucas/OneDrive/Documentos/GitHub/SD/Projeto 2_Malandro/main.vhd Line: 7
Info (12127): Elaborating entity "main" for the top level hierarchy
Info (12128): Elaborating entity "display" for hierarchy "display:disps" File: C:/Users/lucas/OneDrive/Documentos/GitHub/SD/Projeto 2_Malandro/main.vhd Line: 63
Info (12128): Elaborating entity "disp7seg" for hierarchy "display:disps|disp7seg:disp0" File: C:/Users/lucas/OneDrive/Documentos/GitHub/SD/Projeto 2_Malandro/display.vhd Line: 24
Warning (10492): VHDL Process Statement warning at disp7seg.vhd(20): signal "current_step" is read inside the Process Statement but isn't in the Process Statement's sensitivity list File: C:/Users/lucas/OneDrive/Documentos/GitHub/SD/Projeto 2_Malandro/disp7seg.vhd Line: 20
Warning (10492): VHDL Process Statement warning at disp7seg.vhd(20): signal "disp_step" is read inside the Process Statement but isn't in the Process Statement's sensitivity list File: C:/Users/lucas/OneDrive/Documentos/GitHub/SD/Projeto 2_Malandro/disp7seg.vhd Line: 20
Info (12128): Elaborating entity "switches" for hierarchy "switches:sws" File: C:/Users/lucas/OneDrive/Documentos/GitHub/SD/Projeto 2_Malandro/main.vhd Line: 64
Warning (10492): VHDL Process Statement warning at switches.vhd(26): signal "remaining_lives" is read inside the Process Statement but isn't in the Process Statement's sensitivity list File: C:/Users/lucas/OneDrive/Documentos/GitHub/SD/Projeto 2_Malandro/switches.vhd Line: 26
Info (12128): Elaborating entity "lives" for hierarchy "lives:lvs" File: C:/Users/lucas/OneDrive/Documentos/GitHub/SD/Projeto 2_Malandro/main.vhd Line: 65
Info (12128): Elaborating entity "display_result" for hierarchy "display_result:disp_result" File: C:/Users/lucas/OneDrive/Documentos/GitHub/SD/Projeto 2_Malandro/main.vhd Line: 66
Warning (13024): Output pins are stuck at VCC or GND
    Warning (13410): Pin "HEX2[4]" is stuck at VCC File: C:/Users/lucas/OneDrive/Documentos/GitHub/SD/Projeto 2_Malandro/main.vhd Line: 9
    Warning (13410): Pin "HEX2[5]" is stuck at VCC File: C:/Users/lucas/OneDrive/Documentos/GitHub/SD/Projeto 2_Malandro/main.vhd Line: 9
    Warning (13410): Pin "HEX2[6]" is stuck at GND File: C:/Users/lucas/OneDrive/Documentos/GitHub/SD/Projeto 2_Malandro/main.vhd Line: 9
    Warning (13410): Pin "HEX3[2]" is stuck at VCC File: C:/Users/lucas/OneDrive/Documentos/GitHub/SD/Projeto 2_Malandro/main.vhd Line: 9
    Warning (13410): Pin "HEX3[5]" is stuck at VCC File: C:/Users/lucas/OneDrive/Documentos/GitHub/SD/Projeto 2_Malandro/main.vhd Line: 9
    Warning (13410): Pin "HEX3[6]" is stuck at GND File: C:/Users/lucas/OneDrive/Documentos/GitHub/SD/Projeto 2_Malandro/main.vhd Line: 9
    Warning (13410): Pin "HEX4[0]" is stuck at VCC File: C:/Users/lucas/OneDrive/Documentos/GitHub/SD/Projeto 2_Malandro/main.vhd Line: 9
    Warning (13410): Pin "HEX4[3]" is stuck at VCC File: C:/Users/lucas/OneDrive/Documentos/GitHub/SD/Projeto 2_Malandro/main.vhd Line: 9
    Warning (13410): Pin "HEX4[4]" is stuck at VCC File: C:/Users/lucas/OneDrive/Documentos/GitHub/SD/Projeto 2_Malandro/main.vhd Line: 9
    Warning (13410): Pin "HEX4[5]" is stuck at VCC File: C:/Users/lucas/OneDrive/Documentos/GitHub/SD/Projeto 2_Malandro/main.vhd Line: 9
Info (286030): Timing-Driven Synthesis is running
Info (16010): Generating hard_block partition "hard_block:auto_generated_inst"
    Info (16011): Adding 0 node(s), including 0 DDIO, 0 PLL, 0 transceiver and 0 LCELL
Info (21057): Implemented 105 device resources after synthesis - the final resource count might be different
    Info (21058): Implemented 11 input pins
    Info (21059): Implemented 40 output pins
    Info (21061): Implemented 54 logic cells
Info: Quartus Prime Analysis & Synthesis was successful. 0 errors, 15 warnings
    Info: Peak virtual memory: 4791 megabytes
    Info: Processing ended: Thu Sep 23 15:16:06 2021
    Info: Elapsed time: 00:00:10
    Info: Total CPU time (on all processors): 00:00:18


