Analysis & Synthesis report for Projeto_1
Wed Sep 22 10:31:43 2021
Quartus Prime Version 20.1.1 Build 720 11/11/2020 SJ Lite Edition


---------------------
; Table of Contents ;
---------------------
  1. Legal Notice
  2. Analysis & Synthesis Summary
  3. Analysis & Synthesis Settings
  4. Parallel Compilation
  5. Analysis & Synthesis Source Files Read
  6. Analysis & Synthesis Resource Usage Summary
  7. Analysis & Synthesis Resource Utilization by Entity
  8. General Register Statistics
  9. Multiplexer Restructuring Statistics (Restructuring Performed)
 10. Port Connectivity Checks: "shiftSignal:shift|fullAdder:bit3_inc"
 11. Port Connectivity Checks: "shiftSignal:shift|fullAdder:bit2_inc"
 12. Port Connectivity Checks: "shiftSignal:shift|fullAdder:bit1_inc"
 13. Port Connectivity Checks: "shiftSignal:shift|fullAdder:bit0_inc"
 14. Port Connectivity Checks: "shiftSignal:shift|fullAdder:bit3"
 15. Port Connectivity Checks: "shiftSignal:shift|fullAdder:bit0"
 16. Port Connectivity Checks: "shiftSignal:shift"
 17. Port Connectivity Checks: "decr4bit:decr|fullAdder:bit0_dec"
 18. Port Connectivity Checks: "decr4bit:decr|fullAdder:bit3"
 19. Port Connectivity Checks: "decr4bit:decr|fullAdder:bit2"
 20. Port Connectivity Checks: "decr4bit:decr|fullAdder:bit1"
 21. Port Connectivity Checks: "decr4bit:decr|fullAdder:bit0"
 22. Port Connectivity Checks: "decr4bit:decr"
 23. Port Connectivity Checks: "incr4bit:incr|fullAdder:bit0"
 24. Port Connectivity Checks: "incr4bit:incr"
 25. Port Connectivity Checks: "diff4bit:diff|fullAdder:bit0"
 26. Port Connectivity Checks: "sum4bit:sum|fullAdder:bit0"
 27. Post-Synthesis Netlist Statistics for Top Partition
 28. Elapsed Time Per Partition
 29. Analysis & Synthesis Messages



----------------
; Legal Notice ;
----------------
Copyright (C) 2020  Intel Corporation. All rights reserved.
Your use of Intel Corporation's design tools, logic functions 
and other software and tools, and any partner logic 
functions, and any output files from any of the foregoing 
(including device programming or simulation files), and any 
associated documentation or information are expressly subject 
to the terms and conditions of the Intel Program License 
Subscription Agreement, the Intel Quartus Prime License Agreement,
the Intel FPGA IP License Agreement, or other applicable license
agreement, including, without limitation, that your use is for
the sole purpose of programming logic devices manufactured by
Intel and sold by Intel or its authorized distributors.  Please
refer to the applicable agreement for further details, at
https://fpgasoftware.intel.com/eula.



+----------------------------------------------------------------------------------+
; Analysis & Synthesis Summary                                                     ;
+------------------------------------+---------------------------------------------+
; Analysis & Synthesis Status        ; Successful - Wed Sep 22 10:31:43 2021       ;
; Quartus Prime Version              ; 20.1.1 Build 720 11/11/2020 SJ Lite Edition ;
; Revision Name                      ; Projeto_1                                   ;
; Top-level Entity Name              ; main                                        ;
; Family                             ; Cyclone IV E                                ;
; Total logic elements               ; 101                                         ;
;     Total combinational functions  ; 101                                         ;
;     Dedicated logic registers      ; 35                                          ;
; Total registers                    ; 35                                          ;
; Total pins                         ; 30                                          ;
; Total virtual pins                 ; 0                                           ;
; Total memory bits                  ; 0                                           ;
; Embedded Multiplier 9-bit elements ; 0                                           ;
; Total PLLs                         ; 0                                           ;
+------------------------------------+---------------------------------------------+


+------------------------------------------------------------------------------------------------------------+
; Analysis & Synthesis Settings                                                                              ;
+------------------------------------------------------------------+--------------------+--------------------+
; Option                                                           ; Setting            ; Default Value      ;
+------------------------------------------------------------------+--------------------+--------------------+
; Top-level entity name                                            ; main               ; Projeto_1          ;
; Family name                                                      ; Cyclone IV E       ; Cyclone V          ;
; Use smart compilation                                            ; Off                ; Off                ;
; Enable parallel Assembler and Timing Analyzer during compilation ; On                 ; On                 ;
; Enable compact report table                                      ; Off                ; Off                ;
; Restructure Multiplexers                                         ; Auto               ; Auto               ;
; Create Debugging Nodes for IP Cores                              ; Off                ; Off                ;
; Preserve fewer node names                                        ; On                 ; On                 ;
; Intel FPGA IP Evaluation Mode                                    ; Enable             ; Enable             ;
; Verilog Version                                                  ; Verilog_2001       ; Verilog_2001       ;
; VHDL Version                                                     ; VHDL_1993          ; VHDL_1993          ;
; State Machine Processing                                         ; Auto               ; Auto               ;
; Safe State Machine                                               ; Off                ; Off                ;
; Extract Verilog State Machines                                   ; On                 ; On                 ;
; Extract VHDL State Machines                                      ; On                 ; On                 ;
; Ignore Verilog initial constructs                                ; Off                ; Off                ;
; Iteration limit for constant Verilog loops                       ; 5000               ; 5000               ;
; Iteration limit for non-constant Verilog loops                   ; 250                ; 250                ;
; Add Pass-Through Logic to Inferred RAMs                          ; On                 ; On                 ;
; Infer RAMs from Raw Logic                                        ; On                 ; On                 ;
; Parallel Synthesis                                               ; On                 ; On                 ;
; DSP Block Balancing                                              ; Auto               ; Auto               ;
; NOT Gate Push-Back                                               ; On                 ; On                 ;
; Power-Up Don't Care                                              ; On                 ; On                 ;
; Remove Redundant Logic Cells                                     ; Off                ; Off                ;
; Remove Duplicate Registers                                       ; On                 ; On                 ;
; Ignore CARRY Buffers                                             ; Off                ; Off                ;
; Ignore CASCADE Buffers                                           ; Off                ; Off                ;
; Ignore GLOBAL Buffers                                            ; Off                ; Off                ;
; Ignore ROW GLOBAL Buffers                                        ; Off                ; Off                ;
; Ignore LCELL Buffers                                             ; Off                ; Off                ;
; Ignore SOFT Buffers                                              ; On                 ; On                 ;
; Limit AHDL Integers to 32 Bits                                   ; Off                ; Off                ;
; Optimization Technique                                           ; Balanced           ; Balanced           ;
; Carry Chain Length                                               ; 70                 ; 70                 ;
; Auto Carry Chains                                                ; On                 ; On                 ;
; Auto Open-Drain Pins                                             ; On                 ; On                 ;
; Perform WYSIWYG Primitive Resynthesis                            ; Off                ; Off                ;
; Auto ROM Replacement                                             ; On                 ; On                 ;
; Auto RAM Replacement                                             ; On                 ; On                 ;
; Auto DSP Block Replacement                                       ; On                 ; On                 ;
; Auto Shift Register Replacement                                  ; Auto               ; Auto               ;
; Allow Shift Register Merging across Hierarchies                  ; Auto               ; Auto               ;
; Auto Clock Enable Replacement                                    ; On                 ; On                 ;
; Strict RAM Replacement                                           ; Off                ; Off                ;
; Allow Synchronous Control Signals                                ; On                 ; On                 ;
; Force Use of Synchronous Clear Signals                           ; Off                ; Off                ;
; Auto RAM Block Balancing                                         ; On                 ; On                 ;
; Auto RAM to Logic Cell Conversion                                ; Off                ; Off                ;
; Auto Resource Sharing                                            ; Off                ; Off                ;
; Allow Any RAM Size For Recognition                               ; Off                ; Off                ;
; Allow Any ROM Size For Recognition                               ; Off                ; Off                ;
; Allow Any Shift Register Size For Recognition                    ; Off                ; Off                ;
; Use LogicLock Constraints during Resource Balancing              ; On                 ; On                 ;
; Ignore translate_off and synthesis_off directives                ; Off                ; Off                ;
; Timing-Driven Synthesis                                          ; On                 ; On                 ;
; Report Parameter Settings                                        ; On                 ; On                 ;
; Report Source Assignments                                        ; On                 ; On                 ;
; Report Connectivity Checks                                       ; On                 ; On                 ;
; Ignore Maximum Fan-Out Assignments                               ; Off                ; Off                ;
; Synchronization Register Chain Length                            ; 2                  ; 2                  ;
; Power Optimization During Synthesis                              ; Normal compilation ; Normal compilation ;
; HDL message level                                                ; Level2             ; Level2             ;
; Suppress Register Optimization Related Messages                  ; Off                ; Off                ;
; Number of Removed Registers Reported in Synthesis Report         ; 5000               ; 5000               ;
; Number of Swept Nodes Reported in Synthesis Report               ; 5000               ; 5000               ;
; Number of Inverted Registers Reported in Synthesis Report        ; 100                ; 100                ;
; Clock MUX Protection                                             ; On                 ; On                 ;
; Auto Gated Clock Conversion                                      ; Off                ; Off                ;
; Block Design Naming                                              ; Auto               ; Auto               ;
; SDC constraint protection                                        ; Off                ; Off                ;
; Synthesis Effort                                                 ; Auto               ; Auto               ;
; Shift Register Replacement - Allow Asynchronous Clear Signal     ; On                 ; On                 ;
; Pre-Mapping Resynthesis Optimization                             ; Off                ; Off                ;
; Analysis & Synthesis Message Level                               ; Medium             ; Medium             ;
; Disable Register Merging Across Hierarchies                      ; Auto               ; Auto               ;
; Resource Aware Inference For Block RAM                           ; On                 ; On                 ;
+------------------------------------------------------------------+--------------------+--------------------+


+------------------------------------------+
; Parallel Compilation                     ;
+----------------------------+-------------+
; Processors                 ; Number      ;
+----------------------------+-------------+
; Number detected on machine ; 4           ;
; Maximum allowed            ; 4           ;
;                            ;             ;
; Average used               ; 1.00        ;
; Maximum used               ; 4           ;
;                            ;             ;
; Usage by Processor         ; % Time Used ;
;     Processor 1            ; 100.0%      ;
;     Processors 2-4         ;   0.0%      ;
+----------------------------+-------------+


+-----------------------------------------------------------------------------------------------------------------------------------------------------------------+
; Analysis & Synthesis Source Files Read                                                                                                                          ;
+----------------------------------+-----------------+-----------------------+--------------------------------------------------------------------------+---------+
; File Name with User-Entered Path ; Used in Netlist ; File Type             ; File Name with Absolute Path                                             ; Library ;
+----------------------------------+-----------------+-----------------------+--------------------------------------------------------------------------+---------+
; halfAdder.vhd                    ; yes             ; User VHDL File        ; C:/Users/lucas/OneDrive/Documentos/GitHub/SD/Projeto 1/halfAdder.vhd     ;         ;
; fullAdder.vhd                    ; yes             ; User VHDL File        ; C:/Users/lucas/OneDrive/Documentos/GitHub/SD/Projeto 1/fullAdder.vhd     ;         ;
; sum4bit.vhd                      ; yes             ; User VHDL File        ; C:/Users/lucas/OneDrive/Documentos/GitHub/SD/Projeto 1/sum4bit.vhd       ;         ;
; diff4bit.vhd                     ; yes             ; User VHDL File        ; C:/Users/lucas/OneDrive/Documentos/GitHub/SD/Projeto 1/diff4bit.vhd      ;         ;
; main.vhd                         ; yes             ; User VHDL File        ; C:/Users/lucas/OneDrive/Documentos/GitHub/SD/Projeto 1/main.vhd          ;         ;
; greaterThan.vhd                  ; yes             ; User VHDL File        ; C:/Users/lucas/OneDrive/Documentos/GitHub/SD/Projeto 1/greaterThan.vhd   ;         ;
; incr4bit.vhd                     ; yes             ; User VHDL File        ; C:/Users/lucas/OneDrive/Documentos/GitHub/SD/Projeto 1/incr4bit.vhd      ;         ;
; decr4bit.vhd                     ; yes             ; User VHDL File        ; C:/Users/lucas/OneDrive/Documentos/GitHub/SD/Projeto 1/decr4bit.vhd      ;         ;
; shiftSignal.vhd                  ; yes             ; User VHDL File        ; C:/Users/lucas/OneDrive/Documentos/GitHub/SD/Projeto 1/shiftSignal.vhd   ;         ;
; lesserThan.vhd                   ; yes             ; User VHDL File        ; C:/Users/lucas/OneDrive/Documentos/GitHub/SD/Projeto 1/lesserThan.vhd    ;         ;
; clock.vhd                        ; yes             ; User VHDL File        ; C:/Users/lucas/OneDrive/Documentos/GitHub/SD/Projeto 1/clock.vhd         ;         ;
; flagsHandle.vhd                  ; yes             ; User VHDL File        ; C:/Users/lucas/OneDrive/Documentos/GitHub/SD/Projeto 1/flagsHandle.vhd   ;         ;
; redLedsHandle.vhd                ; yes             ; User VHDL File        ; C:/Users/lucas/OneDrive/Documentos/GitHub/SD/Projeto 1/redLedsHandle.vhd ;         ;
; equalto.vhd                      ; yes             ; Auto-Found VHDL File  ; C:/Users/lucas/OneDrive/Documentos/GitHub/SD/Projeto 1/equalto.vhd       ;         ;
+----------------------------------+-----------------+-----------------------+--------------------------------------------------------------------------+---------+


+-------------------------------------------------------------+
; Analysis & Synthesis Resource Usage Summary                 ;
+---------------------------------------------+---------------+
; Resource                                    ; Usage         ;
+---------------------------------------------+---------------+
; Estimated Total logic elements              ; 101           ;
;                                             ;               ;
; Total combinational functions               ; 101           ;
; Logic element usage by number of LUT inputs ;               ;
;     -- 4 input functions                    ; 47            ;
;     -- 3 input functions                    ; 14            ;
;     -- <=2 input functions                  ; 40            ;
;                                             ;               ;
; Logic elements by mode                      ;               ;
;     -- normal mode                          ; 69            ;
;     -- arithmetic mode                      ; 32            ;
;                                             ;               ;
; Total registers                             ; 35            ;
;     -- Dedicated logic registers            ; 35            ;
;     -- I/O registers                        ; 0             ;
;                                             ;               ;
; I/O pins                                    ; 30            ;
;                                             ;               ;
; Embedded Multiplier 9-bit elements          ; 0             ;
;                                             ;               ;
; Maximum fan-out node                        ; clock_1~input ;
; Maximum fan-out                             ; 35            ;
; Total fan-out                               ; 435           ;
; Average fan-out                             ; 2.22          ;
+---------------------------------------------+---------------+


+-------------------------------------------------------------------------------------------------------------------------------------------------------------------------------------------------------------------------------------------+
; Analysis & Synthesis Resource Utilization by Entity                                                                                                                                                                                       ;
+----------------------------+---------------------+---------------------------+-------------+--------------+---------+-----------+------+--------------+------------------------------------------------------+-------------+--------------+
; Compilation Hierarchy Node ; Combinational ALUTs ; Dedicated Logic Registers ; Memory Bits ; DSP Elements ; DSP 9x9 ; DSP 18x18 ; Pins ; Virtual Pins ; Full Hierarchy Name                                  ; Entity Name ; Library Name ;
+----------------------------+---------------------+---------------------------+-------------+--------------+---------+-----------+------+--------------+------------------------------------------------------+-------------+--------------+
; |main                      ; 101 (13)            ; 35 (0)                    ; 0           ; 0            ; 0       ; 0         ; 30   ; 0            ; |main                                                ; main        ; work         ;
;    |clock:auto_clock|      ; 46 (46)             ; 35 (35)                   ; 0           ; 0            ; 0       ; 0         ; 0    ; 0            ; |main|clock:auto_clock                               ; clock       ; work         ;
;    |decr4bit:decr|         ; 6 (0)               ; 0 (0)                     ; 0           ; 0            ; 0       ; 0         ; 0    ; 0            ; |main|decr4bit:decr                                  ; decr4bit    ; work         ;
;       |fullAdder:bit1_dec| ; 2 (1)               ; 0 (0)                     ; 0           ; 0            ; 0       ; 0         ; 0    ; 0            ; |main|decr4bit:decr|fullAdder:bit1_dec               ; fullAdder   ; work         ;
;          |halfAdder:HA2|   ; 1 (1)               ; 0 (0)                     ; 0           ; 0            ; 0       ; 0         ; 0    ; 0            ; |main|decr4bit:decr|fullAdder:bit1_dec|halfAdder:HA2 ; halfAdder   ; work         ;
;       |fullAdder:bit1|     ; 1 (1)               ; 0 (0)                     ; 0           ; 0            ; 0       ; 0         ; 0    ; 0            ; |main|decr4bit:decr|fullAdder:bit1                   ; fullAdder   ; work         ;
;       |fullAdder:bit2_dec| ; 2 (1)               ; 0 (0)                     ; 0           ; 0            ; 0       ; 0         ; 0    ; 0            ; |main|decr4bit:decr|fullAdder:bit2_dec               ; fullAdder   ; work         ;
;          |halfAdder:HA2|   ; 1 (1)               ; 0 (0)                     ; 0           ; 0            ; 0       ; 0         ; 0    ; 0            ; |main|decr4bit:decr|fullAdder:bit2_dec|halfAdder:HA2 ; halfAdder   ; work         ;
;       |fullAdder:bit3_dec| ; 1 (0)               ; 0 (0)                     ; 0           ; 0            ; 0       ; 0         ; 0    ; 0            ; |main|decr4bit:decr|fullAdder:bit3_dec               ; fullAdder   ; work         ;
;          |halfAdder:HA2|   ; 1 (1)               ; 0 (0)                     ; 0           ; 0            ; 0       ; 0         ; 0    ; 0            ; |main|decr4bit:decr|fullAdder:bit3_dec|halfAdder:HA2 ; halfAdder   ; work         ;
;    |diff4bit:diff|         ; 3 (0)               ; 0 (0)                     ; 0           ; 0            ; 0       ; 0         ; 0    ; 0            ; |main|diff4bit:diff                                  ; diff4bit    ; work         ;
;       |fullAdder:bit1|     ; 1 (1)               ; 0 (0)                     ; 0           ; 0            ; 0       ; 0         ; 0    ; 0            ; |main|diff4bit:diff|fullAdder:bit1                   ; fullAdder   ; work         ;
;       |fullAdder:bit2|     ; 1 (0)               ; 0 (0)                     ; 0           ; 0            ; 0       ; 0         ; 0    ; 0            ; |main|diff4bit:diff|fullAdder:bit2                   ; fullAdder   ; work         ;
;          |halfAdder:HA2|   ; 1 (1)               ; 0 (0)                     ; 0           ; 0            ; 0       ; 0         ; 0    ; 0            ; |main|diff4bit:diff|fullAdder:bit2|halfAdder:HA2     ; halfAdder   ; work         ;
;       |fullAdder:bit3|     ; 1 (0)               ; 0 (0)                     ; 0           ; 0            ; 0       ; 0         ; 0    ; 0            ; |main|diff4bit:diff|fullAdder:bit3                   ; fullAdder   ; work         ;
;          |halfAdder:HA2|   ; 1 (1)               ; 0 (0)                     ; 0           ; 0            ; 0       ; 0         ; 0    ; 0            ; |main|diff4bit:diff|fullAdder:bit3|halfAdder:HA2     ; halfAdder   ; work         ;
;    |equalTo:equal|         ; 2 (2)               ; 0 (0)                     ; 0           ; 0            ; 0       ; 0         ; 0    ; 0            ; |main|equalTo:equal                                  ; equalTo     ; work         ;
;    |flagsHandle:flags|     ; 14 (14)             ; 0 (0)                     ; 0           ; 0            ; 0       ; 0         ; 0    ; 0            ; |main|flagsHandle:flags                              ; flagsHandle ; work         ;
;    |greaterThan:greater|   ; 4 (4)               ; 0 (0)                     ; 0           ; 0            ; 0       ; 0         ; 0    ; 0            ; |main|greaterThan:greater                            ; greaterThan ; work         ;
;    |incr4bit:incr|         ; 4 (0)               ; 0 (0)                     ; 0           ; 0            ; 0       ; 0         ; 0    ; 0            ; |main|incr4bit:incr                                  ; incr4bit    ; work         ;
;       |fullAdder:bit1|     ; 2 (1)               ; 0 (0)                     ; 0           ; 0            ; 0       ; 0         ; 0    ; 0            ; |main|incr4bit:incr|fullAdder:bit1                   ; fullAdder   ; work         ;
;          |halfAdder:HA2|   ; 1 (1)               ; 0 (0)                     ; 0           ; 0            ; 0       ; 0         ; 0    ; 0            ; |main|incr4bit:incr|fullAdder:bit1|halfAdder:HA2     ; halfAdder   ; work         ;
;       |fullAdder:bit2|     ; 1 (0)               ; 0 (0)                     ; 0           ; 0            ; 0       ; 0         ; 0    ; 0            ; |main|incr4bit:incr|fullAdder:bit2                   ; fullAdder   ; work         ;
;          |halfAdder:HA2|   ; 1 (1)               ; 0 (0)                     ; 0           ; 0            ; 0       ; 0         ; 0    ; 0            ; |main|incr4bit:incr|fullAdder:bit2|halfAdder:HA2     ; halfAdder   ; work         ;
;       |fullAdder:bit3|     ; 1 (0)               ; 0 (0)                     ; 0           ; 0            ; 0       ; 0         ; 0    ; 0            ; |main|incr4bit:incr|fullAdder:bit3                   ; fullAdder   ; work         ;
;          |halfAdder:HA2|   ; 1 (1)               ; 0 (0)                     ; 0           ; 0            ; 0       ; 0         ; 0    ; 0            ; |main|incr4bit:incr|fullAdder:bit3|halfAdder:HA2     ; halfAdder   ; work         ;
;    |lesserThan:lesser|     ; 3 (3)               ; 0 (0)                     ; 0           ; 0            ; 0       ; 0         ; 0    ; 0            ; |main|lesserThan:lesser                              ; lesserThan  ; work         ;
;    |sum4bit:sum|           ; 6 (0)               ; 0 (0)                     ; 0           ; 0            ; 0       ; 0         ; 0    ; 0            ; |main|sum4bit:sum                                    ; sum4bit     ; work         ;
;       |fullAdder:bit0|     ; 1 (0)               ; 0 (0)                     ; 0           ; 0            ; 0       ; 0         ; 0    ; 0            ; |main|sum4bit:sum|fullAdder:bit0                     ; fullAdder   ; work         ;
;          |halfAdder:HA1|   ; 1 (1)               ; 0 (0)                     ; 0           ; 0            ; 0       ; 0         ; 0    ; 0            ; |main|sum4bit:sum|fullAdder:bit0|halfAdder:HA1       ; halfAdder   ; work         ;
;       |fullAdder:bit1|     ; 2 (1)               ; 0 (0)                     ; 0           ; 0            ; 0       ; 0         ; 0    ; 0            ; |main|sum4bit:sum|fullAdder:bit1                     ; fullAdder   ; work         ;
;          |halfAdder:HA2|   ; 1 (1)               ; 0 (0)                     ; 0           ; 0            ; 0       ; 0         ; 0    ; 0            ; |main|sum4bit:sum|fullAdder:bit1|halfAdder:HA2       ; halfAdder   ; work         ;
;       |fullAdder:bit2|     ; 2 (1)               ; 0 (0)                     ; 0           ; 0            ; 0       ; 0         ; 0    ; 0            ; |main|sum4bit:sum|fullAdder:bit2                     ; fullAdder   ; work         ;
;          |halfAdder:HA2|   ; 1 (1)               ; 0 (0)                     ; 0           ; 0            ; 0       ; 0         ; 0    ; 0            ; |main|sum4bit:sum|fullAdder:bit2|halfAdder:HA2       ; halfAdder   ; work         ;
;       |fullAdder:bit3|     ; 1 (0)               ; 0 (0)                     ; 0           ; 0            ; 0       ; 0         ; 0    ; 0            ; |main|sum4bit:sum|fullAdder:bit3                     ; fullAdder   ; work         ;
;          |halfAdder:HA2|   ; 1 (1)               ; 0 (0)                     ; 0           ; 0            ; 0       ; 0         ; 0    ; 0            ; |main|sum4bit:sum|fullAdder:bit3|halfAdder:HA2       ; halfAdder   ; work         ;
+----------------------------+---------------------+---------------------------+-------------+--------------+---------+-----------+------+--------------+------------------------------------------------------+-------------+--------------+
Note: For table entries with two numbers listed, the numbers in parentheses indicate the number of resources of the given type used by the specific entity alone. The numbers listed outside of parentheses indicate the total resources of the given type used by the specific entity and all of its sub-entities in the hierarchy.


+------------------------------------------------------+
; General Register Statistics                          ;
+----------------------------------------------+-------+
; Statistic                                    ; Value ;
+----------------------------------------------+-------+
; Total registers                              ; 35    ;
; Number of registers using Synchronous Clear  ; 0     ;
; Number of registers using Synchronous Load   ; 0     ;
; Number of registers using Asynchronous Clear ; 0     ;
; Number of registers using Asynchronous Load  ; 0     ;
; Number of registers using Clock Enable       ; 7     ;
; Number of registers using Preset             ; 0     ;
+----------------------------------------------+-------+


+------------------------------------------------------------------------------------------------------------------------------------------+
; Multiplexer Restructuring Statistics (Restructuring Performed)                                                                           ;
+--------------------+-----------+---------------+----------------------+------------------------+------------+----------------------------+
; Multiplexer Inputs ; Bus Width ; Baseline Area ; Area if Restructured ; Saving if Restructured ; Registered ; Example Multiplexer Output ;
+--------------------+-----------+---------------+----------------------+------------------------+------------+----------------------------+
; 8:1                ; 2 bits    ; 10 LEs        ; 8 LEs                ; 2 LEs                  ; No         ; |main|Mux2                 ;
+--------------------+-----------+---------------+----------------------+------------------------+------------+----------------------------+


+------------------------------------------------------------------+
; Port Connectivity Checks: "shiftSignal:shift|fullAdder:bit3_inc" ;
+------+-------+----------+----------------------------------------+
; Port ; Type  ; Severity ; Details                                ;
+------+-------+----------+----------------------------------------+
; b    ; Input ; Info     ; Stuck at VCC                           ;
+------+-------+----------+----------------------------------------+


+------------------------------------------------------------------+
; Port Connectivity Checks: "shiftSignal:shift|fullAdder:bit2_inc" ;
+------+-------+----------+----------------------------------------+
; Port ; Type  ; Severity ; Details                                ;
+------+-------+----------+----------------------------------------+
; b    ; Input ; Info     ; Stuck at GND                           ;
+------+-------+----------+----------------------------------------+


+------------------------------------------------------------------+
; Port Connectivity Checks: "shiftSignal:shift|fullAdder:bit1_inc" ;
+------+-------+----------+----------------------------------------+
; Port ; Type  ; Severity ; Details                                ;
+------+-------+----------+----------------------------------------+
; b    ; Input ; Info     ; Stuck at GND                           ;
+------+-------+----------+----------------------------------------+


+------------------------------------------------------------------+
; Port Connectivity Checks: "shiftSignal:shift|fullAdder:bit0_inc" ;
+------+-------+----------+----------------------------------------+
; Port ; Type  ; Severity ; Details                                ;
+------+-------+----------+----------------------------------------+
; b    ; Input ; Info     ; Stuck at GND                           ;
; cin  ; Input ; Info     ; Stuck at GND                           ;
+------+-------+----------+----------------------------------------+


+----------------------------------------------------------------------------------------------------------------+
; Port Connectivity Checks: "shiftSignal:shift|fullAdder:bit3"                                                   ;
+------+--------+----------+-------------------------------------------------------------------------------------+
; Port ; Type   ; Severity ; Details                                                                             ;
+------+--------+----------+-------------------------------------------------------------------------------------+
; cout ; Output ; Info     ; Connected to dangling logic. Logic that only feeds a dangling port will be removed. ;
+------+--------+----------+-------------------------------------------------------------------------------------+


+--------------------------------------------------------------+
; Port Connectivity Checks: "shiftSignal:shift|fullAdder:bit0" ;
+------+-------+----------+------------------------------------+
; Port ; Type  ; Severity ; Details                            ;
+------+-------+----------+------------------------------------+
; cin  ; Input ; Info     ; Stuck at GND                       ;
+------+-------+----------+------------------------------------+


+-----------------------------------------------------------------------------------------------------------------+
; Port Connectivity Checks: "shiftSignal:shift"                                                                   ;
+-------+--------+----------+-------------------------------------------------------------------------------------+
; Port  ; Type   ; Severity ; Details                                                                             ;
+-------+--------+----------+-------------------------------------------------------------------------------------+
; carry ; Output ; Info     ; Connected to dangling logic. Logic that only feeds a dangling port will be removed. ;
+-------+--------+----------+-------------------------------------------------------------------------------------+


+--------------------------------------------------------------+
; Port Connectivity Checks: "decr4bit:decr|fullAdder:bit0_dec" ;
+------+-------+----------+------------------------------------+
; Port ; Type  ; Severity ; Details                            ;
+------+-------+----------+------------------------------------+
; cin  ; Input ; Info     ; Stuck at GND                       ;
+------+-------+----------+------------------------------------+


+----------------------------------------------------------------------------------------------------------------+
; Port Connectivity Checks: "decr4bit:decr|fullAdder:bit3"                                                       ;
+------+--------+----------+-------------------------------------------------------------------------------------+
; Port ; Type   ; Severity ; Details                                                                             ;
+------+--------+----------+-------------------------------------------------------------------------------------+
; b    ; Input  ; Info     ; Stuck at VCC                                                                        ;
; cout ; Output ; Info     ; Connected to dangling logic. Logic that only feeds a dangling port will be removed. ;
+------+--------+----------+-------------------------------------------------------------------------------------+


+----------------------------------------------------------+
; Port Connectivity Checks: "decr4bit:decr|fullAdder:bit2" ;
+------+-------+----------+--------------------------------+
; Port ; Type  ; Severity ; Details                        ;
+------+-------+----------+--------------------------------+
; b    ; Input ; Info     ; Stuck at VCC                   ;
+------+-------+----------+--------------------------------+


+----------------------------------------------------------+
; Port Connectivity Checks: "decr4bit:decr|fullAdder:bit1" ;
+------+-------+----------+--------------------------------+
; Port ; Type  ; Severity ; Details                        ;
+------+-------+----------+--------------------------------+
; b    ; Input ; Info     ; Stuck at VCC                   ;
+------+-------+----------+--------------------------------+


+----------------------------------------------------------+
; Port Connectivity Checks: "decr4bit:decr|fullAdder:bit0" ;
+------+-------+----------+--------------------------------+
; Port ; Type  ; Severity ; Details                        ;
+------+-------+----------+--------------------------------+
; b    ; Input ; Info     ; Stuck at VCC                   ;
; cin  ; Input ; Info     ; Stuck at GND                   ;
+------+-------+----------+--------------------------------+


+-----------------------------------------------------------------------------------------------------------------+
; Port Connectivity Checks: "decr4bit:decr"                                                                       ;
+-------+--------+----------+-------------------------------------------------------------------------------------+
; Port  ; Type   ; Severity ; Details                                                                             ;
+-------+--------+----------+-------------------------------------------------------------------------------------+
; carry ; Output ; Info     ; Connected to dangling logic. Logic that only feeds a dangling port will be removed. ;
+-------+--------+----------+-------------------------------------------------------------------------------------+


+----------------------------------------------------------+
; Port Connectivity Checks: "incr4bit:incr|fullAdder:bit0" ;
+------+-------+----------+--------------------------------+
; Port ; Type  ; Severity ; Details                        ;
+------+-------+----------+--------------------------------+
; cin  ; Input ; Info     ; Stuck at VCC                   ;
+------+-------+----------+--------------------------------+


+-----------------------------------------------------------------------------------------------------------------+
; Port Connectivity Checks: "incr4bit:incr"                                                                       ;
+-------+--------+----------+-------------------------------------------------------------------------------------+
; Port  ; Type   ; Severity ; Details                                                                             ;
+-------+--------+----------+-------------------------------------------------------------------------------------+
; carry ; Output ; Info     ; Connected to dangling logic. Logic that only feeds a dangling port will be removed. ;
+-------+--------+----------+-------------------------------------------------------------------------------------+


+----------------------------------------------------------+
; Port Connectivity Checks: "diff4bit:diff|fullAdder:bit0" ;
+------+-------+----------+--------------------------------+
; Port ; Type  ; Severity ; Details                        ;
+------+-------+----------+--------------------------------+
; cin  ; Input ; Info     ; Stuck at VCC                   ;
+------+-------+----------+--------------------------------+


+--------------------------------------------------------+
; Port Connectivity Checks: "sum4bit:sum|fullAdder:bit0" ;
+------+-------+----------+------------------------------+
; Port ; Type  ; Severity ; Details                      ;
+------+-------+----------+------------------------------+
; cin  ; Input ; Info     ; Stuck at GND                 ;
+------+-------+----------+------------------------------+


+-----------------------------------------------------+
; Post-Synthesis Netlist Statistics for Top Partition ;
+-----------------------+-----------------------------+
; Type                  ; Count                       ;
+-----------------------+-----------------------------+
; boundary_port         ; 30                          ;
; cycloneiii_ff         ; 35                          ;
;     ENA               ; 7                           ;
;     plain             ; 28                          ;
; cycloneiii_lcell_comb ; 102                         ;
;     arith             ; 32                          ;
;         2 data inputs ; 31                          ;
;         3 data inputs ; 1                           ;
;     normal            ; 70                          ;
;         0 data inputs ; 1                           ;
;         1 data inputs ; 2                           ;
;         2 data inputs ; 7                           ;
;         3 data inputs ; 13                          ;
;         4 data inputs ; 47                          ;
;                       ;                             ;
; Max LUT depth         ; 5.00                        ;
; Average LUT depth     ; 3.55                        ;
+-----------------------+-----------------------------+


+-------------------------------+
; Elapsed Time Per Partition    ;
+----------------+--------------+
; Partition Name ; Elapsed Time ;
+----------------+--------------+
; Top            ; 00:00:00     ;
+----------------+--------------+


+-------------------------------+
; Analysis & Synthesis Messages ;
+-------------------------------+
Info: *******************************************************************
Info: Running Quartus Prime Analysis & Synthesis
    Info: Version 20.1.1 Build 720 11/11/2020 SJ Lite Edition
    Info: Processing started: Wed Sep 22 10:31:34 2021
Info: Command: quartus_map --read_settings_files=on --write_settings_files=off Projeto_1 -c Projeto_1
Warning (18236): Number of processors has not been specified which may cause overloading on shared machines.  Set the global assignment NUM_PARALLEL_PROCESSORS in your QSF to an appropriate value for best performance.
Info (20030): Parallel compilation is enabled and will use 4 of the 4 processors detected
Info (12021): Found 2 design units, including 1 entities, in source file halfadder.vhd
    Info (12022): Found design unit 1: halfAdder-Behavioral File: C:/Users/lucas/OneDrive/Documentos/GitHub/SD/Projeto 1/halfAdder.vhd Line: 15
    Info (12023): Found entity 1: halfAdder File: C:/Users/lucas/OneDrive/Documentos/GitHub/SD/Projeto 1/halfAdder.vhd Line: 7
Info (12021): Found 2 design units, including 1 entities, in source file fulladder.vhd
    Info (12022): Found design unit 1: fullAdder-Behavioral File: C:/Users/lucas/OneDrive/Documentos/GitHub/SD/Projeto 1/fullAdder.vhd Line: 16
    Info (12023): Found entity 1: fullAdder File: C:/Users/lucas/OneDrive/Documentos/GitHub/SD/Projeto 1/fullAdder.vhd Line: 7
Info (12021): Found 2 design units, including 1 entities, in source file sum4bit.vhd
    Info (12022): Found design unit 1: sum4bit-hardware File: C:/Users/lucas/OneDrive/Documentos/GitHub/SD/Projeto 1/sum4bit.vhd Line: 14
    Info (12023): Found entity 1: sum4bit File: C:/Users/lucas/OneDrive/Documentos/GitHub/SD/Projeto 1/sum4bit.vhd Line: 6
Info (12021): Found 2 design units, including 1 entities, in source file diff4bit.vhd
    Info (12022): Found design unit 1: diff4bit-hardware File: C:/Users/lucas/OneDrive/Documentos/GitHub/SD/Projeto 1/diff4bit.vhd Line: 14
    Info (12023): Found entity 1: diff4bit File: C:/Users/lucas/OneDrive/Documentos/GitHub/SD/Projeto 1/diff4bit.vhd Line: 6
Info (12021): Found 2 design units, including 1 entities, in source file main.vhd
    Info (12022): Found design unit 1: main-hardware File: C:/Users/lucas/OneDrive/Documentos/GitHub/SD/Projeto 1/main.vhd Line: 16
    Info (12023): Found entity 1: main File: C:/Users/lucas/OneDrive/Documentos/GitHub/SD/Projeto 1/main.vhd Line: 7
Info (12021): Found 2 design units, including 1 entities, in source file greaterthan.vhd
    Info (12022): Found design unit 1: greaterThan-behavioral File: C:/Users/lucas/OneDrive/Documentos/GitHub/SD/Projeto 1/greaterThan.vhd Line: 15
    Info (12023): Found entity 1: greaterThan File: C:/Users/lucas/OneDrive/Documentos/GitHub/SD/Projeto 1/greaterThan.vhd Line: 8
Warning (12019): Can't analyze file -- file incr.vhd is missing
Info (12021): Found 2 design units, including 1 entities, in source file incr4bit.vhd
    Info (12022): Found design unit 1: incr4bit-hardware File: C:/Users/lucas/OneDrive/Documentos/GitHub/SD/Projeto 1/incr4bit.vhd Line: 14
    Info (12023): Found entity 1: incr4bit File: C:/Users/lucas/OneDrive/Documentos/GitHub/SD/Projeto 1/incr4bit.vhd Line: 6
Info (12021): Found 2 design units, including 1 entities, in source file decr4bit.vhd
    Info (12022): Found design unit 1: decr4bit-hardware File: C:/Users/lucas/OneDrive/Documentos/GitHub/SD/Projeto 1/decr4bit.vhd Line: 14
    Info (12023): Found entity 1: decr4bit File: C:/Users/lucas/OneDrive/Documentos/GitHub/SD/Projeto 1/decr4bit.vhd Line: 6
Info (12021): Found 2 design units, including 1 entities, in source file shiftsignal.vhd
    Info (12022): Found design unit 1: shiftSignal-hardware File: C:/Users/lucas/OneDrive/Documentos/GitHub/SD/Projeto 1/shiftSignal.vhd Line: 14
    Info (12023): Found entity 1: shiftSignal File: C:/Users/lucas/OneDrive/Documentos/GitHub/SD/Projeto 1/shiftSignal.vhd Line: 6
Warning (12019): Can't analyze file -- file equal_to.vhd is missing
Info (12021): Found 2 design units, including 1 entities, in source file lesserthan.vhd
    Info (12022): Found design unit 1: lesserThan-behavioral File: C:/Users/lucas/OneDrive/Documentos/GitHub/SD/Projeto 1/lesserThan.vhd Line: 15
    Info (12023): Found entity 1: lesserThan File: C:/Users/lucas/OneDrive/Documentos/GitHub/SD/Projeto 1/lesserThan.vhd Line: 8
Info (12021): Found 2 design units, including 1 entities, in source file clock.vhd
    Info (12022): Found design unit 1: clock-behav File: C:/Users/lucas/OneDrive/Documentos/GitHub/SD/Projeto 1/clock.vhd Line: 12
    Info (12023): Found entity 1: clock File: C:/Users/lucas/OneDrive/Documentos/GitHub/SD/Projeto 1/clock.vhd Line: 5
Info (12021): Found 2 design units, including 1 entities, in source file flagshandle.vhd
    Info (12022): Found design unit 1: flagsHandle-behav File: C:/Users/lucas/OneDrive/Documentos/GitHub/SD/Projeto 1/flagsHandle.vhd Line: 23
    Info (12023): Found entity 1: flagsHandle File: C:/Users/lucas/OneDrive/Documentos/GitHub/SD/Projeto 1/flagsHandle.vhd Line: 11
Info (12021): Found 2 design units, including 1 entities, in source file redledshandle.vhd
    Info (12022): Found design unit 1: redLedsHandle-behav File: C:/Users/lucas/OneDrive/Documentos/GitHub/SD/Projeto 1/redLedsHandle.vhd Line: 14
    Info (12023): Found entity 1: redLedsHandle File: C:/Users/lucas/OneDrive/Documentos/GitHub/SD/Projeto 1/redLedsHandle.vhd Line: 6
Info (12021): Found 2 design units, including 1 entities, in source file disp7seg.vhd
    Info (12022): Found design unit 1: disp7seg-arch_dec File: C:/Users/lucas/OneDrive/Documentos/GitHub/SD/Projeto 1/disp7seg.vhd Line: 13
    Info (12023): Found entity 1: disp7seg File: C:/Users/lucas/OneDrive/Documentos/GitHub/SD/Projeto 1/disp7seg.vhd Line: 6
Info (12127): Elaborating entity "main" for the top level hierarchy
Warning (10036): Verilog HDL or VHDL warning at main.vhd(30): object "incr_carry" assigned a value but never read File: C:/Users/lucas/OneDrive/Documentos/GitHub/SD/Projeto 1/main.vhd Line: 30
Warning (10036): Verilog HDL or VHDL warning at main.vhd(33): object "decr_carry" assigned a value but never read File: C:/Users/lucas/OneDrive/Documentos/GitHub/SD/Projeto 1/main.vhd Line: 33
Warning (10036): Verilog HDL or VHDL warning at main.vhd(36): object "shift_carry" assigned a value but never read File: C:/Users/lucas/OneDrive/Documentos/GitHub/SD/Projeto 1/main.vhd Line: 36
Info (12128): Elaborating entity "clock" for hierarchy "clock:auto_clock" File: C:/Users/lucas/OneDrive/Documentos/GitHub/SD/Projeto 1/main.vhd Line: 149
Info (12128): Elaborating entity "sum4bit" for hierarchy "sum4bit:sum" File: C:/Users/lucas/OneDrive/Documentos/GitHub/SD/Projeto 1/main.vhd Line: 151
Info (12128): Elaborating entity "fullAdder" for hierarchy "sum4bit:sum|fullAdder:bit0" File: C:/Users/lucas/OneDrive/Documentos/GitHub/SD/Projeto 1/sum4bit.vhd Line: 32
Info (12128): Elaborating entity "halfAdder" for hierarchy "sum4bit:sum|fullAdder:bit0|halfAdder:HA1" File: C:/Users/lucas/OneDrive/Documentos/GitHub/SD/Projeto 1/fullAdder.vhd Line: 29
Info (12128): Elaborating entity "diff4bit" for hierarchy "diff4bit:diff" File: C:/Users/lucas/OneDrive/Documentos/GitHub/SD/Projeto 1/main.vhd Line: 153
Info (12128): Elaborating entity "incr4bit" for hierarchy "incr4bit:incr" File: C:/Users/lucas/OneDrive/Documentos/GitHub/SD/Projeto 1/main.vhd Line: 155
Info (12128): Elaborating entity "decr4bit" for hierarchy "decr4bit:decr" File: C:/Users/lucas/OneDrive/Documentos/GitHub/SD/Projeto 1/main.vhd Line: 157
Info (12128): Elaborating entity "shiftSignal" for hierarchy "shiftSignal:shift" File: C:/Users/lucas/OneDrive/Documentos/GitHub/SD/Projeto 1/main.vhd Line: 159
Info (12128): Elaborating entity "greaterThan" for hierarchy "greaterThan:greater" File: C:/Users/lucas/OneDrive/Documentos/GitHub/SD/Projeto 1/main.vhd Line: 161
Warning (12125): Using design file equalto.vhd, which is not specified as a design file for the current project, but contains definitions for 2 design units and 1 entities in project
    Info (12022): Found design unit 1: equalTo-behavioral File: C:/Users/lucas/OneDrive/Documentos/GitHub/SD/Projeto 1/equalto.vhd Line: 15
    Info (12023): Found entity 1: equalTo File: C:/Users/lucas/OneDrive/Documentos/GitHub/SD/Projeto 1/equalto.vhd Line: 8
Info (12128): Elaborating entity "equalTo" for hierarchy "equalTo:equal" File: C:/Users/lucas/OneDrive/Documentos/GitHub/SD/Projeto 1/main.vhd Line: 163
Info (12128): Elaborating entity "lesserThan" for hierarchy "lesserThan:lesser" File: C:/Users/lucas/OneDrive/Documentos/GitHub/SD/Projeto 1/main.vhd Line: 165
Info (12128): Elaborating entity "flagsHandle" for hierarchy "flagsHandle:flags" File: C:/Users/lucas/OneDrive/Documentos/GitHub/SD/Projeto 1/main.vhd Line: 167
Info (12128): Elaborating entity "redLedsHandle" for hierarchy "redLedsHandle:redLeds" File: C:/Users/lucas/OneDrive/Documentos/GitHub/SD/Projeto 1/main.vhd Line: 179
Warning (13024): Output pins are stuck at VCC or GND
    Warning (13410): Pin "LEDR[4]" is stuck at GND File: C:/Users/lucas/OneDrive/Documentos/GitHub/SD/Projeto 1/main.vhd Line: 12
    Warning (13410): Pin "LEDR[5]" is stuck at GND File: C:/Users/lucas/OneDrive/Documentos/GitHub/SD/Projeto 1/main.vhd Line: 12
    Warning (13410): Pin "LEDR[6]" is stuck at GND File: C:/Users/lucas/OneDrive/Documentos/GitHub/SD/Projeto 1/main.vhd Line: 12
    Warning (13410): Pin "LEDR[11]" is stuck at GND File: C:/Users/lucas/OneDrive/Documentos/GitHub/SD/Projeto 1/main.vhd Line: 12
    Warning (13410): Pin "LEDR[12]" is stuck at GND File: C:/Users/lucas/OneDrive/Documentos/GitHub/SD/Projeto 1/main.vhd Line: 12
    Warning (13410): Pin "LEDR[13]" is stuck at GND File: C:/Users/lucas/OneDrive/Documentos/GitHub/SD/Projeto 1/main.vhd Line: 12
Info (286030): Timing-Driven Synthesis is running
Info (16010): Generating hard_block partition "hard_block:auto_generated_inst"
    Info (16011): Adding 0 node(s), including 0 DDIO, 0 PLL, 0 transceiver and 0 LCELL
Info (21057): Implemented 131 device resources after synthesis - the final resource count might be different
    Info (21058): Implemented 4 input pins
    Info (21059): Implemented 26 output pins
    Info (21061): Implemented 101 logic cells
Info: Quartus Prime Analysis & Synthesis was successful. 0 errors, 14 warnings
    Info: Peak virtual memory: 4793 megabytes
    Info: Processing ended: Wed Sep 22 10:31:43 2021
    Info: Elapsed time: 00:00:09
    Info: Total CPU time (on all processors): 00:00:17


